Using pre-set license
Built from '2020.3/staging' branch; Version is '2020.3.21f1 (a38c86f6690f) revision 10718342'; Using compiler version '192528614'; Build Type 'Release'
OS: 'Windows 10 Home Single Language; OS build 22000.318; Version 2009; 64bit' Language: 'es' Physical Memory: 16158 MB
BatchMode: 1, IsHumanControllingUs: 0, StartBugReporterOnCrash: 0, Is64bit: 1, IsPro: 0

COMMAND LINE ARGUMENTS:
C:\Program Files\Unity\Hub\Editor\2020.3.21f1\Editor\Unity.exe
-adb2
-batchMode
-noUpm
-name
AssetImportWorker0
-projectPath
C:/Users/01emm/Unity/TheGuardians
-logFile
Logs/AssetImportWorker0.log
-srvPort
62551
Successfully changed project path to: C:/Users/01emm/Unity/TheGuardians
C:/Users/01emm/Unity/TheGuardians
Using Asset Import Pipeline V2.
Refreshing native plugins compatible for Editor in 60.30 ms, found 5 plugins.
Preloading 0 native plugins for Editor in 0.00 ms.
Initialize engine version: 2020.3.21f1 (a38c86f6690f)
[Subsystems] Discovering subsystems at path C:/Program Files/Unity/Hub/Editor/2020.3.21f1/Editor/Data/Resources/UnitySubsystems
[Subsystems] Discovering subsystems at path C:/Users/01emm/Unity/TheGuardians/Assets
GfxDevice: creating device client; threaded=0
Direct3D:
    Version:  Direct3D 11.0 [level 11.1]
    Renderer: NVIDIA GeForce RTX 3060 Laptop GPU (ID=0x2520)
    Vendor:   
    VRAM:     6023 MB
    Driver:   30.0.14.9649
Initialize mono
Mono path[0] = 'C:/Program Files/Unity/Hub/Editor/2020.3.21f1/Editor/Data/Managed'
Mono path[1] = 'C:/Program Files/Unity/Hub/Editor/2020.3.21f1/Editor/Data/MonoBleedingEdge/lib/mono/unityjit'
Mono config path = 'C:/Program Files/Unity/Hub/Editor/2020.3.21f1/Editor/Data/MonoBleedingEdge/etc'
Using monoOptions --debugger-agent=transport=dt_socket,embedding=1,server=y,suspend=n,address=127.0.0.1:56384
Begin MonoManager ReloadAssembly
Registering precompiled unity dll's ...
Register platform support module: C:/Program Files/Unity/Hub/Editor/2020.3.21f1/Editor/Data/PlaybackEngines/WindowsStandaloneSupport/UnityEditor.WindowsStandalone.Extensions.dll
Registered in 0.003060 seconds.
Native extension for WindowsStandalone target not found
Refreshing native plugins compatible for Editor in 158.49 ms, found 5 plugins.
Preloading 0 native plugins for Editor in 0.00 ms.
Mono: successfully reloaded assembly
- Completed reload, in  2.038 seconds
Domain Reload Profiling:
	ReloadAssembly (2038ms)
		BeginReloadAssembly (105ms)
			ExecutionOrderSort (0ms)
			DisableScriptedObjects (0ms)
			BackupInstance (0ms)
			ReleaseScriptingObjects (0ms)
			CreateAndSetChildDomain (1ms)
		EndReloadAssembly (921ms)
			LoadAssemblies (102ms)
			RebuildTransferFunctionScriptingTraits (0ms)
			SetupTypeCache (237ms)
			ReleaseScriptCaches (0ms)
			RebuildScriptCaches (54ms)
			SetupLoadedEditorAssemblies (474ms)
				LogAssemblyErrors (0ms)
				InitializePlatformSupportModulesInManaged (6ms)
				SetLoadedEditorAssemblies (0ms)
				RefreshPlugins (159ms)
				BeforeProcessingInitializeOnLoad (37ms)
				ProcessInitializeOnLoadAttributes (227ms)
				ProcessInitializeOnLoadMethodAttributes (44ms)
				AfterProcessingInitializeOnLoad (0ms)
				EditorAssembliesLoaded (0ms)
			ExecutionOrderSort2 (0ms)
			AwakeInstancesAfterBackupRestoration (0ms)
Platform modules already initialized, skipping
Registering precompiled user dll's ...
Registered in 0.012596 seconds.
Begin MonoManager ReloadAssembly
Native extension for WindowsStandalone target not found
Refreshing native plugins compatible for Editor in 0.60 ms, found 5 plugins.
Preloading 0 native plugins for Editor in 0.00 ms.
Mono: successfully reloaded assembly
- Completed reload, in  1.885 seconds
Domain Reload Profiling:
	ReloadAssembly (1887ms)
		BeginReloadAssembly (528ms)
			ExecutionOrderSort (0ms)
			DisableScriptedObjects (17ms)
			BackupInstance (0ms)
			ReleaseScriptingObjects (0ms)
			CreateAndSetChildDomain (55ms)
		EndReloadAssembly (1216ms)
			LoadAssemblies (233ms)
			RebuildTransferFunctionScriptingTraits (0ms)
			SetupTypeCache (423ms)
			ReleaseScriptCaches (1ms)
			RebuildScriptCaches (77ms)
			SetupLoadedEditorAssemblies (453ms)
				LogAssemblyErrors (0ms)
				InitializePlatformSupportModulesInManaged (7ms)
				SetLoadedEditorAssemblies (1ms)
				RefreshPlugins (1ms)
				BeforeProcessingInitializeOnLoad (98ms)
				ProcessInitializeOnLoadAttributes (323ms)
				ProcessInitializeOnLoadMethodAttributes (12ms)
				AfterProcessingInitializeOnLoad (10ms)
				EditorAssembliesLoaded (0ms)
			ExecutionOrderSort2 (0ms)
			AwakeInstancesAfterBackupRestoration (9ms)
Platform modules already initialized, skipping
========================================================================
Worker process is ready to serve import requests
Launched and connected shader compiler UnityShaderCompiler.exe after 0.09 seconds
Refreshing native plugins compatible for Editor in 0.52 ms, found 5 plugins.
Preloading 0 native plugins for Editor in 0.00 ms.
Unloading 1790 Unused Serialized files (Serialized files now loaded: 0)
System memory in use before: 90.2 MB.
System memory in use after: 90.3 MB.

Unloading 27 unused Assets to reduce memory usage. Loaded Objects now: 2230.
Total: 4.207900 ms (FindLiveObjects: 0.213900 ms CreateObjectMapping: 0.087300 ms MarkObjects: 3.794600 ms  DeleteObjects: 0.110400 ms)

AssetImportParameters requested are different than current active one (requested -> active):
  custom:framework-win-MediaFoundation: 216162199b28c13a410421893ffa2e32 -> 
  custom:video-decoder-ogg-theora: a1e56fd34408186e4bbccfd4996cb3dc -> 
  custom:container-muxer-webm: aa71ff27fc2769a1b78a27578f13a17b -> 
  custom:container-demuxer-webm: 4f35f7cbe854078d1ac9338744f61a02 -> 
  custom:container-demuxer-ogg: 62fdf1f143b41e24485cea50d1cbac27 -> 
  custom:video-encoder-webm-vp8: eb34c28f22e8b96e1ab97ce403110664 -> 
  custom:video-codec-MediaFoundation-h265: 746d11721c4dcdbdad8f713fa42b33f4 -> 
  custom:video-decoder-webm-vp8: 9c59270c3fd7afecdb556c50c9e8de78 -> 
  custom:audio-decoder-ogg-vorbis: bf7c407c2cedff20999df2af8eb42d56 -> 
  custom:audio-encoder-webm-vorbis: bf7c407c2cedff20999df2af8eb42d56 -> 
========================================================================
Received Import Request.
  path: Assets/Tezcatlipoca/Holding Idle.fbx
  artifactKey: Guid(7dec97eefccfa454a88d1e6b1dba9c51) Importer(815301076,1909f56bfc062723c751e8b465ee728b)
Start importing Assets/Tezcatlipoca/Holding Idle.fbx using Guid(7dec97eefccfa454a88d1e6b1dba9c51) Importer(815301076,1909f56bfc062723c751e8b465ee728b)  -> (artifact id: '0ec468fe1baf1d915eba1c78ebaf0b83') in 1.243072 seconds 
  Import took 1.274661 seconds .

========================================================================
Received Import Request.
  Time since last request: 0.000512 seconds.
  path: Assets/Tezcatlipoca/Mutant Swiping.fbx
  artifactKey: Guid(38707744da8055a438471fff09efcdc1) Importer(815301076,1909f56bfc062723c751e8b465ee728b)
Start importing Assets/Tezcatlipoca/Mutant Swiping.fbx using Guid(38707744da8055a438471fff09efcdc1) Importer(815301076,1909f56bfc062723c751e8b465ee728b)  -> (artifact id: '5436d9e47d12d602684f78a3b1cf8443') in 0.018355 seconds 
  Import took 0.025437 seconds .

========================================================================
Received Import Request.
  Time since last request: 0.000820 seconds.
  path: Assets/Tezcatlipoca/Salsa Dancing (1).fbx
  artifactKey: Guid(a44e58a991e1e854589dfca306eaffc4) Importer(815301076,1909f56bfc062723c751e8b465ee728b)
Start importing Assets/Tezcatlipoca/Salsa Dancing (1).fbx using Guid(a44e58a991e1e854589dfca306eaffc4) Importer(815301076,1909f56bfc062723c751e8b465ee728b)  -> (artifact id: '3f40cadf31e58ab4d24d53862cb50262') in 0.041913 seconds 
  Import took 0.051589 seconds .

========================================================================
Received Import Request.
  Time since last request: 0.000997 seconds.
  path: Assets/Tezcatlipoca/Standing 2H Magic Attack 02.fbx
  artifactKey: Guid(a1944b245a389514485f6d5d2abfe1f0) Importer(815301076,1909f56bfc062723c751e8b465ee728b)
Start importing Assets/Tezcatlipoca/Standing 2H Magic Attack 02.fbx using Guid(a1944b245a389514485f6d5d2abfe1f0) Importer(815301076,1909f56bfc062723c751e8b465ee728b)  -> (artifact id: '4763c22abf8fe2696328949973eff940') in 0.035457 seconds 
  Import took 0.047595 seconds .

========================================================================
Received Import Request.
  Time since last request: 0.000937 seconds.
  path: Assets/Tezcatlipoca/Mutant Walking.fbx
  artifactKey: Guid(0fde7972bc38f19439005c6052a80121) Importer(815301076,1909f56bfc062723c751e8b465ee728b)
Start importing Assets/Tezcatlipoca/Mutant Walking.fbx using Guid(0fde7972bc38f19439005c6052a80121) Importer(815301076,1909f56bfc062723c751e8b465ee728b)  -> (artifact id: 'bf8292957a223038cb47c625db045a8f') in 0.027543 seconds 
  Import took 0.037788 seconds .

========================================================================
Received Import Request.
  Time since last request: 0.000930 seconds.
  path: Assets/Tezcatlipoca/Mutant Dying.fbx
  artifactKey: Guid(f501c36c7548fb04a943759d9d869235) Importer(815301076,1909f56bfc062723c751e8b465ee728b)
Start importing Assets/Tezcatlipoca/Mutant Dying.fbx using Guid(f501c36c7548fb04a943759d9d869235) Importer(815301076,1909f56bfc062723c751e8b465ee728b)  -> (artifact id: 'f05a6845012d3d6fa0c3c44e1d3c0a03') in 0.030706 seconds 
  Import took 0.041285 seconds .

========================================================================
Received Import Request.
  Time since last request: 0.001009 seconds.
  path: Assets/Tezcatlipoca/Mutant Run.fbx
  artifactKey: Guid(2ee13de929b07274ea4ba5e1e087e26a) Importer(815301076,1909f56bfc062723c751e8b465ee728b)
Start importing Assets/Tezcatlipoca/Mutant Run.fbx using Guid(2ee13de929b07274ea4ba5e1e087e26a) Importer(815301076,1909f56bfc062723c751e8b465ee728b)  -> (artifact id: '747920198a44fa52b517f7338defe276') in 0.026896 seconds 
  Import took 0.037505 seconds .

========================================================================
Received Import Request.
  Time since last request: 0.000886 seconds.
  path: Assets/Tezcatlipoca/Mutant Jumping.fbx
  artifactKey: Guid(2f33fa235d5908f4ca94a7ce35f38e76) Importer(815301076,1909f56bfc062723c751e8b465ee728b)
Start importing Assets/Tezcatlipoca/Mutant Jumping.fbx using Guid(2f33fa235d5908f4ca94a7ce35f38e76) Importer(815301076,1909f56bfc062723c751e8b465ee728b)  -> (artifact id: '437b2afc58e2c739a0e9d756c2bfda2c') in 0.027358 seconds 
  Import took 0.036491 seconds .

========================================================================
Received Import Request.
  Time since last request: 0.000946 seconds.
  path: Assets/Tezcatlipoca/Standing React Small From Right.fbx
  artifactKey: Guid(a35ac29739860f941a9a0881ecf9f037) Importer(815301076,1909f56bfc062723c751e8b465ee728b)
Start importing Assets/Tezcatlipoca/Standing React Small From Right.fbx using Guid(a35ac29739860f941a9a0881ecf9f037) Importer(815301076,1909f56bfc062723c751e8b465ee728b)  -> (artifact id: '31bc055523b126eeb09b63c54d15e811') in 0.029906 seconds 
  Import took 0.040640 seconds .

========================================================================
Received Import Request.
  Time since last request: 0.000915 seconds.
  path: Assets/Tezcatlipoca/Standing 2H Magic Area Attack 02.fbx
  artifactKey: Guid(cfc71891b11b0c74aa8ae7b721d358a4) Importer(815301076,1909f56bfc062723c751e8b465ee728b)
Start importing Assets/Tezcatlipoca/Standing 2H Magic Area Attack 02.fbx using Guid(cfc71891b11b0c74aa8ae7b721d358a4) Importer(815301076,1909f56bfc062723c751e8b465ee728b)  -> (artifact id: '1fd1abd1e563d02ca5e2bb24b4921dfe') in 0.029801 seconds 
  Import took 0.039879 seconds .

========================================================================
Received Import Request.
  Time since last request: 53.499335 seconds.
  path: Assets/Tezcatlipoca/Texturas/Cascabeles2.png
  artifactKey: Guid(abd09b1bbed71294fb42a4da25c75688) Importer(815301076,1909f56bfc062723c751e8b465ee728b)
Start importing Assets/Tezcatlipoca/Texturas/Cascabeles2.png using Guid(abd09b1bbed71294fb42a4da25c75688) Importer(815301076,1909f56bfc062723c751e8b465ee728b)  -> (artifact id: 'c08adc3befd34604ed0d67f200fe9654') in 0.121790 seconds 
  Import took 0.128012 seconds .

========================================================================
Received Import Request.
  Time since last request: 0.000489 seconds.
  path: Assets/Tezcatlipoca/Texturas/Moñox.png
  artifactKey: Guid(65e4ef7764da1b7459d9db3db49a913a) Importer(815301076,1909f56bfc062723c751e8b465ee728b)
Start importing Assets/Tezcatlipoca/Texturas/Moñox.png using Guid(65e4ef7764da1b7459d9db3db49a913a) Importer(815301076,1909f56bfc062723c751e8b465ee728b)  -> (artifact id: '28669e01c2c1d6c9386806d68cf4a114') in 0.017986 seconds 
  Import took 0.023165 seconds .

========================================================================
Received Import Request.
  Time since last request: 475.694280 seconds.
  path: Assets/Tezcatlipoca/TezcaAnim.controller
  artifactKey: Guid(817d62e945d25fb4fb60497e9462a1e5) Importer(815301076,1909f56bfc062723c751e8b465ee728b)
Start importing Assets/Tezcatlipoca/TezcaAnim.controller using Guid(817d62e945d25fb4fb60497e9462a1e5) Importer(815301076,1909f56bfc062723c751e8b465ee728b)  -> (artifact id: '76a791168b906d8f7a3ee94251531888') in 0.014562 seconds 
  Import took 0.020155 seconds .

========================================================================
Received Import Request.
  Time since last request: 7.184009 seconds.
  path: Assets/Tezcatlipoca/Tezca.fbx
  artifactKey: Guid(7dec97eefccfa454a88d1e6b1dba9c51) Importer(815301076,1909f56bfc062723c751e8b465ee728b)
Start importing Assets/Tezcatlipoca/Tezca.fbx using Guid(7dec97eefccfa454a88d1e6b1dba9c51) Importer(815301076,1909f56bfc062723c751e8b465ee728b)  -> (artifact id: '5038dd3c02189eb1e4388cf9105c5d3c') in 0.955326 seconds 
  Import took 0.966006 seconds .

========================================================================
Received Import Request.
  Time since last request: 10.399224 seconds.
  path: Assets/Tezcatlipoca/Tezca.fbx
  artifactKey: Guid(7dec97eefccfa454a88d1e6b1dba9c51) Importer(815301076,1909f56bfc062723c751e8b465ee728b)
Start importing Assets/Tezcatlipoca/Tezca.fbx using Guid(7dec97eefccfa454a88d1e6b1dba9c51) Importer(815301076,1909f56bfc062723c751e8b465ee728b)  -> (artifact id: '52298fa0b59183c116b0aa56cb8a2bca') in 0.908833 seconds 
  Import took 0.920633 seconds .

========================================================================
Received Import Request.
  Time since last request: 10.724363 seconds.
  path: Assets/Tezcatlipoca/Mutant Dying.fbx
  artifactKey: Guid(f501c36c7548fb04a943759d9d869235) Importer(815301076,1909f56bfc062723c751e8b465ee728b)
Start importing Assets/Tezcatlipoca/Mutant Dying.fbx using Guid(f501c36c7548fb04a943759d9d869235) Importer(815301076,1909f56bfc062723c751e8b465ee728b)  -> (artifact id: '5be6d7852e81a213ad4212ad937d64e6') in 0.015531 seconds 
  Import took 0.021543 seconds .

========================================================================
Received Import Request.
  Time since last request: 9.030108 seconds.
  path: Assets/Tezcatlipoca/Mutant Jumping.fbx
  artifactKey: Guid(2f33fa235d5908f4ca94a7ce35f38e76) Importer(815301076,1909f56bfc062723c751e8b465ee728b)
Start importing Assets/Tezcatlipoca/Mutant Jumping.fbx using Guid(2f33fa235d5908f4ca94a7ce35f38e76) Importer(815301076,1909f56bfc062723c751e8b465ee728b)  -> (artifact id: '0589e7324d683c2d46f1bab09df5ddb0') in 0.013064 seconds 
  Import took 0.018583 seconds .

========================================================================
Received Import Request.
  Time since last request: 8.780100 seconds.
  path: Assets/Tezcatlipoca/Mutant Run.fbx
  artifactKey: Guid(2ee13de929b07274ea4ba5e1e087e26a) Importer(815301076,1909f56bfc062723c751e8b465ee728b)
Start importing Assets/Tezcatlipoca/Mutant Run.fbx using Guid(2ee13de929b07274ea4ba5e1e087e26a) Importer(815301076,1909f56bfc062723c751e8b465ee728b)  -> (artifact id: '566ef79f40095aceb7b0396cc00620c1') in 0.016727 seconds 
  Import took 0.022057 seconds .

========================================================================
Received Import Request.
  Time since last request: 9.971683 seconds.
  path: Assets/Tezcatlipoca/Mutant Swiping.fbx
  artifactKey: Guid(38707744da8055a438471fff09efcdc1) Importer(815301076,1909f56bfc062723c751e8b465ee728b)
Start importing Assets/Tezcatlipoca/Mutant Swiping.fbx using Guid(38707744da8055a438471fff09efcdc1) Importer(815301076,1909f56bfc062723c751e8b465ee728b)  -> (artifact id: 'd5c92ff179b5053474c4df19512cc204') in 0.011354 seconds 
  Import took 0.017393 seconds .

========================================================================
Received Import Request.
  Time since last request: 13.622446 seconds.
  path: Assets/Tezcatlipoca/Mutant Walking.fbx
  artifactKey: Guid(0fde7972bc38f19439005c6052a80121) Importer(815301076,1909f56bfc062723c751e8b465ee728b)
Start importing Assets/Tezcatlipoca/Mutant Walking.fbx using Guid(0fde7972bc38f19439005c6052a80121) Importer(815301076,1909f56bfc062723c751e8b465ee728b)  -> (artifact id: '6fa0c9e23fb73bd2f021eb1c28f400e7') in 0.011364 seconds 
  Import took 0.017772 seconds .

========================================================================
Received Import Request.
  Time since last request: 9.110477 seconds.
  path: Assets/Tezcatlipoca/Salsa Dancing (1).fbx
  artifactKey: Guid(a44e58a991e1e854589dfca306eaffc4) Importer(815301076,1909f56bfc062723c751e8b465ee728b)
Start importing Assets/Tezcatlipoca/Salsa Dancing (1).fbx using Guid(a44e58a991e1e854589dfca306eaffc4) Importer(815301076,1909f56bfc062723c751e8b465ee728b)  -> (artifact id: 'a926a904f3edf042b30812af6fc56e34') in 0.017041 seconds 
  Import took 0.021495 seconds .

========================================================================
Received Import Request.
  Time since last request: 8.339967 seconds.
  path: Assets/Tezcatlipoca/Standing 2H Magic Area Attack 02.fbx
  artifactKey: Guid(cfc71891b11b0c74aa8ae7b721d358a4) Importer(815301076,1909f56bfc062723c751e8b465ee728b)
Start importing Assets/Tezcatlipoca/Standing 2H Magic Area Attack 02.fbx using Guid(cfc71891b11b0c74aa8ae7b721d358a4) Importer(815301076,1909f56bfc062723c751e8b465ee728b)  -> (artifact id: '1370d8109c000236f44e0baabc853f08') in 0.011930 seconds 
  Import took 0.017942 seconds .

========================================================================
Received Import Request.
  Time since last request: 9.902818 seconds.
  path: Assets/Tezcatlipoca/Standing 2H Magic Attack 02.fbx
  artifactKey: Guid(a1944b245a389514485f6d5d2abfe1f0) Importer(815301076,1909f56bfc062723c751e8b465ee728b)
Start importing Assets/Tezcatlipoca/Standing 2H Magic Attack 02.fbx using Guid(a1944b245a389514485f6d5d2abfe1f0) Importer(815301076,1909f56bfc062723c751e8b465ee728b)  -> (artifact id: 'a4f0bd4ca17ef90d59b990f2bf492866') in 0.014451 seconds 
  Import took 0.019762 seconds .

========================================================================
Received Import Request.
  Time since last request: 9.335694 seconds.
  path: Assets/Tezcatlipoca/Standing React Small From Right.fbx
  artifactKey: Guid(a35ac29739860f941a9a0881ecf9f037) Importer(815301076,1909f56bfc062723c751e8b465ee728b)
Start importing Assets/Tezcatlipoca/Standing React Small From Right.fbx using Guid(a35ac29739860f941a9a0881ecf9f037) Importer(815301076,1909f56bfc062723c751e8b465ee728b)  -> (artifact id: 'cb198d82f592a7c15843248baa357acf') in 0.011144 seconds 
  Import took 0.015628 seconds .

========================================================================
Received Prepare
Registering precompiled user dll's ...
Registered in 0.012254 seconds.
Begin MonoManager ReloadAssembly
Native extension for WindowsStandalone target not found
Refreshing native plugins compatible for Editor in 1.31 ms, found 5 plugins.
Preloading 0 native plugins for Editor in 0.00 ms.
Mono: successfully reloaded assembly
- Completed reload, in  2.409 seconds
Domain Reload Profiling:
	ReloadAssembly (2410ms)
		BeginReloadAssembly (215ms)
			ExecutionOrderSort (0ms)
			DisableScriptedObjects (5ms)
			BackupInstance (0ms)
			ReleaseScriptingObjects (0ms)
			CreateAndSetChildDomain (52ms)
		EndReloadAssembly (2048ms)
			LoadAssemblies (209ms)
			RebuildTransferFunctionScriptingTraits (0ms)
			SetupTypeCache (597ms)
			ReleaseScriptCaches (1ms)
			RebuildScriptCaches (69ms)
			SetupLoadedEditorAssemblies (1051ms)
				LogAssemblyErrors (0ms)
				InitializePlatformSupportModulesInManaged (20ms)
				SetLoadedEditorAssemblies (2ms)
				RefreshPlugins (2ms)
				BeforeProcessingInitializeOnLoad (220ms)
				ProcessInitializeOnLoadAttributes (779ms)
				ProcessInitializeOnLoadMethodAttributes (15ms)
				AfterProcessingInitializeOnLoad (13ms)
				EditorAssembliesLoaded (1ms)
			ExecutionOrderSort2 (0ms)
			AwakeInstancesAfterBackupRestoration (11ms)
Platform modules already initialized, skipping
Refreshing native plugins compatible for Editor in 0.56 ms, found 5 plugins.
Preloading 0 native plugins for Editor in 0.00 ms.
Unloading 1776 Unused Serialized files (Serialized files now loaded: 0)
System memory in use before: 106.7 MB.
System memory in use after: 106.8 MB.

Unloading 22 unused Assets to reduce memory usage. Loaded Objects now: 2278.
Total: 5.101000 ms (FindLiveObjects: 0.237700 ms CreateObjectMapping: 0.095600 ms MarkObjects: 4.723800 ms  DeleteObjects: 0.042600 ms)

AssetImportParameters requested are different than current active one (requested -> active):
  custom:framework-win-MediaFoundation: 216162199b28c13a410421893ffa2e32 -> 
  custom:video-decoder-ogg-theora: a1e56fd34408186e4bbccfd4996cb3dc -> 
  custom:container-muxer-webm: aa71ff27fc2769a1b78a27578f13a17b -> 
  custom:container-demuxer-webm: 4f35f7cbe854078d1ac9338744f61a02 -> 
  custom:container-demuxer-ogg: 62fdf1f143b41e24485cea50d1cbac27 -> 
  custom:video-encoder-webm-vp8: eb34c28f22e8b96e1ab97ce403110664 -> 
  custom:video-codec-MediaFoundation-h265: 746d11721c4dcdbdad8f713fa42b33f4 -> 
  custom:video-decoder-webm-vp8: 9c59270c3fd7afecdb556c50c9e8de78 -> 
  custom:audio-decoder-ogg-vorbis: bf7c407c2cedff20999df2af8eb42d56 -> 
  custom:audio-encoder-webm-vorbis: bf7c407c2cedff20999df2af8eb42d56 -> 
========================================================================
Received Import Request.
  Time since last request: 79.067303 seconds.
  path: Assets/Tezcatlipoca/Tezca.fbx
  artifactKey: Guid(7dec97eefccfa454a88d1e6b1dba9c51) Importer(815301076,1909f56bfc062723c751e8b465ee728b)
Start importing Assets/Tezcatlipoca/Tezca.fbx using Guid(7dec97eefccfa454a88d1e6b1dba9c51) Importer(815301076,1909f56bfc062723c751e8b465ee728b)  -> (artifact id: '597970e24ed5dc9836a224492adbb248') in 0.971261 seconds 
  Import took 0.981853 seconds .

========================================================================
Received Import Request.
  Time since last request: 8.734434 seconds.
  path: Assets/Tezcatlipoca/Salsa Dancing (1).fbx
  artifactKey: Guid(a44e58a991e1e854589dfca306eaffc4) Importer(815301076,1909f56bfc062723c751e8b465ee728b)
Start importing Assets/Tezcatlipoca/Salsa Dancing (1).fbx using Guid(a44e58a991e1e854589dfca306eaffc4) Importer(815301076,1909f56bfc062723c751e8b465ee728b)  -> (artifact id: 'd892b8feb9074e31160fdb570efa28af') in 0.018150 seconds 
  Import took 0.023205 seconds .

========================================================================
Received Import Request.
  Time since last request: 8.619418 seconds.
  path: Assets/Tezcatlipoca/Mutant Walking.fbx
  artifactKey: Guid(0fde7972bc38f19439005c6052a80121) Importer(815301076,1909f56bfc062723c751e8b465ee728b)
Start importing Assets/Tezcatlipoca/Mutant Walking.fbx using Guid(0fde7972bc38f19439005c6052a80121) Importer(815301076,1909f56bfc062723c751e8b465ee728b)  -> (artifact id: 'c678702699857df68255d7b27e86d861') in 0.010743 seconds 
  Import took 0.015661 seconds .

========================================================================
Received Import Request.
  Time since last request: 15.557879 seconds.
  path: Assets/Tezcatlipoca/Mutant Run.fbx
  artifactKey: Guid(2ee13de929b07274ea4ba5e1e087e26a) Importer(815301076,1909f56bfc062723c751e8b465ee728b)
Start importing Assets/Tezcatlipoca/Mutant Run.fbx using Guid(2ee13de929b07274ea4ba5e1e087e26a) Importer(815301076,1909f56bfc062723c751e8b465ee728b)  -> (artifact id: '8b227ab08be9a85fa4a4208c401661dc') in 0.010579 seconds 
  Import took 0.015752 seconds .

========================================================================
Received Prepare
Registering precompiled user dll's ...
Registered in 0.010489 seconds.
Begin MonoManager ReloadAssembly
Native extension for WindowsStandalone target not found
Refreshing native plugins compatible for Editor in 1.14 ms, found 5 plugins.
Preloading 0 native plugins for Editor in 0.00 ms.
Mono: successfully reloaded assembly
- Completed reload, in  1.778 seconds
Domain Reload Profiling:
	ReloadAssembly (1779ms)
		BeginReloadAssembly (182ms)
			ExecutionOrderSort (0ms)
			DisableScriptedObjects (11ms)
			BackupInstance (0ms)
			ReleaseScriptingObjects (0ms)
			CreateAndSetChildDomain (48ms)
		EndReloadAssembly (1491ms)
			LoadAssemblies (137ms)
			RebuildTransferFunctionScriptingTraits (0ms)
			SetupTypeCache (501ms)
			ReleaseScriptCaches (2ms)
			RebuildScriptCaches (112ms)
			SetupLoadedEditorAssemblies (432ms)
				LogAssemblyErrors (0ms)
				InitializePlatformSupportModulesInManaged (18ms)
				SetLoadedEditorAssemblies (2ms)
				RefreshPlugins (1ms)
				BeforeProcessingInitializeOnLoad (82ms)
				ProcessInitializeOnLoadAttributes (307ms)
				ProcessInitializeOnLoadMethodAttributes (12ms)
				AfterProcessingInitializeOnLoad (10ms)
				EditorAssembliesLoaded (0ms)
			ExecutionOrderSort2 (0ms)
			AwakeInstancesAfterBackupRestoration (9ms)
Platform modules already initialized, skipping
Refreshing native plugins compatible for Editor in 1.16 ms, found 5 plugins.
Preloading 0 native plugins for Editor in 0.00 ms.
Unloading 1776 Unused Serialized files (Serialized files now loaded: 0)
System memory in use before: 107.0 MB.
System memory in use after: 107.1 MB.

Unloading 22 unused Assets to reduce memory usage. Loaded Objects now: 2281.
Total: 9.528600 ms (FindLiveObjects: 0.432700 ms CreateObjectMapping: 0.189000 ms MarkObjects: 8.825700 ms  DeleteObjects: 0.077900 ms)

AssetImportParameters requested are different than current active one (requested -> active):
  custom:framework-win-MediaFoundation: 216162199b28c13a410421893ffa2e32 -> 
  custom:video-decoder-ogg-theora: a1e56fd34408186e4bbccfd4996cb3dc -> 
  custom:container-muxer-webm: aa71ff27fc2769a1b78a27578f13a17b -> 
  custom:container-demuxer-webm: 4f35f7cbe854078d1ac9338744f61a02 -> 
  custom:container-demuxer-ogg: 62fdf1f143b41e24485cea50d1cbac27 -> 
  custom:video-encoder-webm-vp8: eb34c28f22e8b96e1ab97ce403110664 -> 
  custom:video-codec-MediaFoundation-h265: 746d11721c4dcdbdad8f713fa42b33f4 -> 
  custom:video-decoder-webm-vp8: 9c59270c3fd7afecdb556c50c9e8de78 -> 
  custom:audio-decoder-ogg-vorbis: bf7c407c2cedff20999df2af8eb42d56 -> 
  custom:audio-encoder-webm-vorbis: bf7c407c2cedff20999df2af8eb42d56 -> 
========================================================================
Received Import Request.
  Time since last request: 211.198981 seconds.
  path: Assets/Tezcatlipoca/TezcaAnim.controller
  artifactKey: Guid(817d62e945d25fb4fb60497e9462a1e5) Importer(815301076,1909f56bfc062723c751e8b465ee728b)
Start importing Assets/Tezcatlipoca/TezcaAnim.controller using Guid(817d62e945d25fb4fb60497e9462a1e5) Importer(815301076,1909f56bfc062723c751e8b465ee728b)  -> (artifact id: '636f62199f7a7e6c40cadf377be12f7c') in 0.022613 seconds 
  Import took 0.027940 seconds .

========================================================================
Received Prepare
Registering precompiled user dll's ...
Registered in 0.010296 seconds.
Begin MonoManager ReloadAssembly
Native extension for WindowsStandalone target not found
Refreshing native plugins compatible for Editor in 1.10 ms, found 5 plugins.
Preloading 0 native plugins for Editor in 0.00 ms.
Mono: successfully reloaded assembly
- Completed reload, in  1.819 seconds
Domain Reload Profiling:
	ReloadAssembly (1820ms)
		BeginReloadAssembly (215ms)
			ExecutionOrderSort (0ms)
			DisableScriptedObjects (7ms)
			BackupInstance (0ms)
			ReleaseScriptingObjects (0ms)
			CreateAndSetChildDomain (51ms)
		EndReloadAssembly (1511ms)
			LoadAssemblies (192ms)
			RebuildTransferFunctionScriptingTraits (0ms)
			SetupTypeCache (440ms)
			ReleaseScriptCaches (2ms)
			RebuildScriptCaches (105ms)
			SetupLoadedEditorAssemblies (642ms)
				LogAssemblyErrors (0ms)
				InitializePlatformSupportModulesInManaged (20ms)
				SetLoadedEditorAssemblies (2ms)
				RefreshPlugins (1ms)
				BeforeProcessingInitializeOnLoad (211ms)
				ProcessInitializeOnLoadAttributes (384ms)
				ProcessInitializeOnLoadMethodAttributes (12ms)
				AfterProcessingInitializeOnLoad (11ms)
				EditorAssembliesLoaded (0ms)
			ExecutionOrderSort2 (0ms)
			AwakeInstancesAfterBackupRestoration (10ms)
Platform modules already initialized, skipping
Refreshing native plugins compatible for Editor in 1.41 ms, found 5 plugins.
Preloading 0 native plugins for Editor in 0.00 ms.
Unloading 1776 Unused Serialized files (Serialized files now loaded: 0)
System memory in use before: 107.0 MB.
System memory in use after: 107.1 MB.

Unloading 22 unused Assets to reduce memory usage. Loaded Objects now: 2283.
Total: 5.042700 ms (FindLiveObjects: 0.269800 ms CreateObjectMapping: 0.101700 ms MarkObjects: 4.624200 ms  DeleteObjects: 0.045300 ms)

AssetImportParameters requested are different than current active one (requested -> active):
  custom:framework-win-MediaFoundation: 216162199b28c13a410421893ffa2e32 -> 
  custom:video-decoder-ogg-theora: a1e56fd34408186e4bbccfd4996cb3dc -> 
  custom:container-muxer-webm: aa71ff27fc2769a1b78a27578f13a17b -> 
  custom:container-demuxer-webm: 4f35f7cbe854078d1ac9338744f61a02 -> 
  custom:container-demuxer-ogg: 62fdf1f143b41e24485cea50d1cbac27 -> 
  custom:video-encoder-webm-vp8: eb34c28f22e8b96e1ab97ce403110664 -> 
  custom:video-codec-MediaFoundation-h265: 746d11721c4dcdbdad8f713fa42b33f4 -> 
  custom:video-decoder-webm-vp8: 9c59270c3fd7afecdb556c50c9e8de78 -> 
  custom:audio-decoder-ogg-vorbis: bf7c407c2cedff20999df2af8eb42d56 -> 
  custom:audio-encoder-webm-vorbis: bf7c407c2cedff20999df2af8eb42d56 -> 
