Using pre-set license
Built from '2020.3/staging' branch; Version is '2020.3.21f1 (a38c86f6690f) revision 10718342'; Using compiler version '192528614'; Build Type 'Release'
OS: 'Windows 10 Home Single Language; OS build 22000.348; Version 2009; 64bit' Language: 'es' Physical Memory: 16158 MB
BatchMode: 1, IsHumanControllingUs: 0, StartBugReporterOnCrash: 0, Is64bit: 1, IsPro: 0

COMMAND LINE ARGUMENTS:
C:\Program Files\Unity\Hub\Editor\2020.3.21f1\Editor\Unity.exe
-adb2
-batchMode
-noUpm
-name
AssetImportWorker0
-projectPath
C:/Users/01emm/Unity/TheGuardians/TheGuardians
-logFile
Logs/AssetImportWorker0.log
-srvPort
50311
Successfully changed project path to: C:/Users/01emm/Unity/TheGuardians/TheGuardians
C:/Users/01emm/Unity/TheGuardians/TheGuardians
Using Asset Import Pipeline V2.
Refreshing native plugins compatible for Editor in 62.84 ms, found 5 plugins.
Preloading 0 native plugins for Editor in 0.00 ms.
Initialize engine version: 2020.3.21f1 (a38c86f6690f)
[Subsystems] Discovering subsystems at path C:/Program Files/Unity/Hub/Editor/2020.3.21f1/Editor/Data/Resources/UnitySubsystems
[Subsystems] Discovering subsystems at path C:/Users/01emm/Unity/TheGuardians/TheGuardians/Assets
GfxDevice: creating device client; threaded=0
Direct3D:
    Version:  Direct3D 11.0 [level 11.1]
    Renderer: NVIDIA GeForce RTX 3060 Laptop GPU (ID=0x2520)
    Vendor:   
    VRAM:     6023 MB
    Driver:   30.0.14.9649
Initialize mono
Mono path[0] = 'C:/Program Files/Unity/Hub/Editor/2020.3.21f1/Editor/Data/Managed'
Mono path[1] = 'C:/Program Files/Unity/Hub/Editor/2020.3.21f1/Editor/Data/MonoBleedingEdge/lib/mono/unityjit'
Mono config path = 'C:/Program Files/Unity/Hub/Editor/2020.3.21f1/Editor/Data/MonoBleedingEdge/etc'
Using monoOptions --debugger-agent=transport=dt_socket,embedding=1,server=y,suspend=n,address=127.0.0.1:56068
Begin MonoManager ReloadAssembly
Registering precompiled unity dll's ...
Register platform support module: C:/Program Files/Unity/Hub/Editor/2020.3.21f1/Editor/Data/PlaybackEngines/WindowsStandaloneSupport/UnityEditor.WindowsStandalone.Extensions.dll
Registered in 0.002973 seconds.
Native extension for WindowsStandalone target not found
Refreshing native plugins compatible for Editor in 73.59 ms, found 5 plugins.
Preloading 0 native plugins for Editor in 0.00 ms.
Mono: successfully reloaded assembly
- Completed reload, in  1.846 seconds
Domain Reload Profiling:
	ReloadAssembly (1846ms)
		BeginReloadAssembly (87ms)
			ExecutionOrderSort (0ms)
			DisableScriptedObjects (0ms)
			BackupInstance (0ms)
			ReleaseScriptingObjects (0ms)
			CreateAndSetChildDomain (1ms)
		EndReloadAssembly (733ms)
			LoadAssemblies (83ms)
			RebuildTransferFunctionScriptingTraits (0ms)
			SetupTypeCache (248ms)
			ReleaseScriptCaches (0ms)
			RebuildScriptCaches (61ms)
			SetupLoadedEditorAssemblies (266ms)
				LogAssemblyErrors (0ms)
				InitializePlatformSupportModulesInManaged (7ms)
				SetLoadedEditorAssemblies (0ms)
				RefreshPlugins (74ms)
				BeforeProcessingInitializeOnLoad (16ms)
				ProcessInitializeOnLoadAttributes (121ms)
				ProcessInitializeOnLoadMethodAttributes (48ms)
				AfterProcessingInitializeOnLoad (0ms)
				EditorAssembliesLoaded (0ms)
			ExecutionOrderSort2 (0ms)
			AwakeInstancesAfterBackupRestoration (0ms)
Platform modules already initialized, skipping
Registering precompiled user dll's ...
Registered in 0.013460 seconds.
Begin MonoManager ReloadAssembly
Native extension for WindowsStandalone target not found
Refreshing native plugins compatible for Editor in 0.61 ms, found 5 plugins.
Preloading 0 native plugins for Editor in 0.00 ms.
Mono: successfully reloaded assembly
- Completed reload, in  1.641 seconds
Domain Reload Profiling:
	ReloadAssembly (1643ms)
		BeginReloadAssembly (231ms)
			ExecutionOrderSort (0ms)
			DisableScriptedObjects (7ms)
			BackupInstance (0ms)
			ReleaseScriptingObjects (0ms)
			CreateAndSetChildDomain (28ms)
		EndReloadAssembly (1312ms)
			LoadAssemblies (146ms)
			RebuildTransferFunctionScriptingTraits (0ms)
			SetupTypeCache (480ms)
			ReleaseScriptCaches (1ms)
			RebuildScriptCaches (72ms)
			SetupLoadedEditorAssemblies (481ms)
				LogAssemblyErrors (0ms)
				InitializePlatformSupportModulesInManaged (7ms)
				SetLoadedEditorAssemblies (1ms)
				RefreshPlugins (1ms)
				BeforeProcessingInitializeOnLoad (94ms)
				ProcessInitializeOnLoadAttributes (355ms)
				ProcessInitializeOnLoadMethodAttributes (13ms)
				AfterProcessingInitializeOnLoad (9ms)
				EditorAssembliesLoaded (0ms)
			ExecutionOrderSort2 (0ms)
			AwakeInstancesAfterBackupRestoration (9ms)
Platform modules already initialized, skipping
========================================================================
Worker process is ready to serve import requests
Launched and connected shader compiler UnityShaderCompiler.exe after 0.09 seconds
Refreshing native plugins compatible for Editor in 0.61 ms, found 5 plugins.
Preloading 0 native plugins for Editor in 0.00 ms.
Unloading 1796 Unused Serialized files (Serialized files now loaded: 0)
System memory in use before: 78.0 MB.
System memory in use after: 78.1 MB.

Unloading 27 unused Assets to reduce memory usage. Loaded Objects now: 2221.
Total: 4.424400 ms (FindLiveObjects: 0.258700 ms CreateObjectMapping: 0.107400 ms MarkObjects: 3.964100 ms  DeleteObjects: 0.092200 ms)

AssetImportParameters requested are different than current active one (requested -> active):
  custom:framework-win-MediaFoundation: 216162199b28c13a410421893ffa2e32 -> 
  custom:video-decoder-ogg-theora: a1e56fd34408186e4bbccfd4996cb3dc -> 
  custom:container-muxer-webm: aa71ff27fc2769a1b78a27578f13a17b -> 
  custom:container-demuxer-webm: 4f35f7cbe854078d1ac9338744f61a02 -> 
  custom:container-demuxer-ogg: 62fdf1f143b41e24485cea50d1cbac27 -> 
  custom:video-encoder-webm-vp8: eb34c28f22e8b96e1ab97ce403110664 -> 
  custom:video-codec-MediaFoundation-h265: 746d11721c4dcdbdad8f713fa42b33f4 -> 
  custom:video-decoder-webm-vp8: 9c59270c3fd7afecdb556c50c9e8de78 -> 
  custom:audio-decoder-ogg-vorbis: bf7c407c2cedff20999df2af8eb42d56 -> 
  custom:audio-encoder-webm-vorbis: bf7c407c2cedff20999df2af8eb42d56 -> 
========================================================================
Received Import Request.
  path: Assets/physics.physicMaterial
  artifactKey: Guid(ac04b1bc805e8a449957558a6873b20b) Importer(815301076,1909f56bfc062723c751e8b465ee728b)
Start importing Assets/physics.physicMaterial using Guid(ac04b1bc805e8a449957558a6873b20b) Importer(815301076,1909f56bfc062723c751e8b465ee728b)  -> (artifact id: '9b87e61b3f2afb38c3db5bc374852627') in 0.048576 seconds 
  Import took 0.052574 seconds .

========================================================================
Received Import Request.
  Time since last request: 0.000363 seconds.
  path: Assets/New Terrain.asset
  artifactKey: Guid(3c453c119dadbbe4f949ac042e1a0c67) Importer(815301076,1909f56bfc062723c751e8b465ee728b)
Start importing Assets/New Terrain.asset using Guid(3c453c119dadbbe4f949ac042e1a0c67) Importer(815301076,1909f56bfc062723c751e8b465ee728b)  -> (artifact id: 'c869d50441f366b02ee8833d45c10af6') in 0.022102 seconds 
  Import took 0.025612 seconds .

========================================================================
Received Import Request.
  Time since last request: 4.136095 seconds.
  path: Assets/Assets
  artifactKey: Guid(d9e0a1f0d3d66a748b534492a2166707) Importer(815301076,1909f56bfc062723c751e8b465ee728b)
Start importing Assets/Assets using Guid(d9e0a1f0d3d66a748b534492a2166707) Importer(815301076,1909f56bfc062723c751e8b465ee728b)  -> (artifact id: 'edaf56e7176eb2ebbc1014eb66624cd7') in 0.003785 seconds 
  Import took 0.007584 seconds .

========================================================================
Received Import Request.
  Time since last request: 0.698651 seconds.
  path: Assets/Scenes
  artifactKey: Guid(fb80dab35429ec545b8d57ae350a9e26) Importer(815301076,1909f56bfc062723c751e8b465ee728b)
Start importing Assets/Scenes using Guid(fb80dab35429ec545b8d57ae350a9e26) Importer(815301076,1909f56bfc062723c751e8b465ee728b)  -> (artifact id: 'ac25042b35c8c7fa7c7cd884966f9e61') in 0.004553 seconds 
  Import took 0.008426 seconds .

========================================================================
Received Import Request.
  Time since last request: 2.274859 seconds.
  path: Assets/Scenes/MainMenu.unity
  artifactKey: Guid(9fc0d4010bbf28b4594072e72b8655ab) Importer(815301076,1909f56bfc062723c751e8b465ee728b)
Start importing Assets/Scenes/MainMenu.unity using Guid(9fc0d4010bbf28b4594072e72b8655ab) Importer(815301076,1909f56bfc062723c751e8b465ee728b)  -> (artifact id: '367839a5e59bab15df96755810040c30') in 0.014928 seconds 
  Import took 0.024961 seconds .

========================================================================
Received Import Request.
  Time since last request: 3.026220 seconds.
  path: Assets/Scenes/SampleScene.unity
  artifactKey: Guid(abb2cb40d252cd449a245658208d4f3f) Importer(815301076,1909f56bfc062723c751e8b465ee728b)
Start importing Assets/Scenes/SampleScene.unity using Guid(abb2cb40d252cd449a245658208d4f3f) Importer(815301076,1909f56bfc062723c751e8b465ee728b)  -> (artifact id: '8adeb90d627815effd455835a51825a0') in 0.055228 seconds 
  Import took 0.070827 seconds .

========================================================================
Received Prepare
Registering precompiled user dll's ...
Registered in 0.013392 seconds.
Begin MonoManager ReloadAssembly
Native extension for WindowsStandalone target not found
Refreshing native plugins compatible for Editor in 1.13 ms, found 5 plugins.
Preloading 0 native plugins for Editor in 0.00 ms.
Mono: successfully reloaded assembly
- Completed reload, in  1.626 seconds
Domain Reload Profiling:
	ReloadAssembly (1627ms)
		BeginReloadAssembly (169ms)
			ExecutionOrderSort (0ms)
			DisableScriptedObjects (6ms)
			BackupInstance (0ms)
			ReleaseScriptingObjects (0ms)
			CreateAndSetChildDomain (49ms)
		EndReloadAssembly (1366ms)
			LoadAssemblies (140ms)
			RebuildTransferFunctionScriptingTraits (0ms)
			SetupTypeCache (485ms)
			ReleaseScriptCaches (1ms)
			RebuildScriptCaches (73ms)
			SetupLoadedEditorAssemblies (529ms)
				LogAssemblyErrors (0ms)
				InitializePlatformSupportModulesInManaged (7ms)
				SetLoadedEditorAssemblies (1ms)
				RefreshPlugins (2ms)
				BeforeProcessingInitializeOnLoad (96ms)
				ProcessInitializeOnLoadAttributes (401ms)
				ProcessInitializeOnLoadMethodAttributes (13ms)
				AfterProcessingInitializeOnLoad (10ms)
				EditorAssembliesLoaded (0ms)
			ExecutionOrderSort2 (0ms)
			AwakeInstancesAfterBackupRestoration (9ms)
Platform modules already initialized, skipping
Refreshing native plugins compatible for Editor in 0.72 ms, found 5 plugins.
Preloading 0 native plugins for Editor in 0.00 ms.
Unloading 1788 Unused Serialized files (Serialized files now loaded: 0)
System memory in use before: 78.4 MB.
System memory in use after: 78.0 MB.

Unloading 25 unused Assets to reduce memory usage. Loaded Objects now: 2229.
Total: 5.149300 ms (FindLiveObjects: 0.259300 ms CreateObjectMapping: 0.093100 ms MarkObjects: 4.221200 ms  DeleteObjects: 0.574300 ms)

AssetImportParameters requested are different than current active one (requested -> active):
  custom:framework-win-MediaFoundation: 216162199b28c13a410421893ffa2e32 -> 
  custom:video-decoder-ogg-theora: a1e56fd34408186e4bbccfd4996cb3dc -> 
  custom:container-muxer-webm: aa71ff27fc2769a1b78a27578f13a17b -> 
  custom:container-demuxer-webm: 4f35f7cbe854078d1ac9338744f61a02 -> 
  custom:container-demuxer-ogg: 62fdf1f143b41e24485cea50d1cbac27 -> 
  custom:video-encoder-webm-vp8: eb34c28f22e8b96e1ab97ce403110664 -> 
  custom:video-codec-MediaFoundation-h265: 746d11721c4dcdbdad8f713fa42b33f4 -> 
  custom:video-decoder-webm-vp8: 9c59270c3fd7afecdb556c50c9e8de78 -> 
  custom:audio-decoder-ogg-vorbis: bf7c407c2cedff20999df2af8eb42d56 -> 
  custom:audio-encoder-webm-vorbis: bf7c407c2cedff20999df2af8eb42d56 -> 
========================================================================
Received Import Request.
  Time since last request: 98.587298 seconds.
  path: Assets/Scenes/MainMenu.unity
  artifactKey: Guid(9fc0d4010bbf28b4594072e72b8655ab) Importer(815301076,1909f56bfc062723c751e8b465ee728b)
Start importing Assets/Scenes/MainMenu.unity using Guid(9fc0d4010bbf28b4594072e72b8655ab) Importer(815301076,1909f56bfc062723c751e8b465ee728b)  -> (artifact id: '66335699839fb4be9b8f8d5b80a1bd17') in 0.020847 seconds 
  Import took 0.025145 seconds .

========================================================================
Received Import Request.
  Time since last request: 85.933016 seconds.
  path: Assets/2D Assets/Batalla_Final.png
  artifactKey: Guid(c9ac9cfb53a5fff46b4fbc5f84572583) Importer(815301076,1909f56bfc062723c751e8b465ee728b)
Start importing Assets/2D Assets/Batalla_Final.png using Guid(c9ac9cfb53a5fff46b4fbc5f84572583) Importer(815301076,1909f56bfc062723c751e8b465ee728b)  -> (artifact id: '466db26570781f16550035df35f44b31') in 0.130845 seconds 
  Import took 0.136771 seconds .

========================================================================
Received Import Request.
  Time since last request: 0.000480 seconds.
  path: Assets/2D Assets/Decisión_Final.png
  artifactKey: Guid(4095a9483ebbbb44b95e2bded72fe05e) Importer(815301076,1909f56bfc062723c751e8b465ee728b)
Start importing Assets/2D Assets/Decisión_Final.png using Guid(4095a9483ebbbb44b95e2bded72fe05e) Importer(815301076,1909f56bfc062723c751e8b465ee728b)  -> (artifact id: 'd99c85b15b0af228f1cb4527e6dcacd7') in 0.056127 seconds 
  Import took 0.061728 seconds .

========================================================================
Received Import Request.
  Time since last request: 0.000367 seconds.
  path: Assets/2D Assets/InformaciónEstrellas_Final.png
  artifactKey: Guid(ce209892b02a783449cd64c6b629c1e0) Importer(815301076,1909f56bfc062723c751e8b465ee728b)
Start importing Assets/2D Assets/InformaciónEstrellas_Final.png using Guid(ce209892b02a783449cd64c6b629c1e0) Importer(815301076,1909f56bfc062723c751e8b465ee728b)  -> (artifact id: 'b81ea98924d474b947fdb6187b2a24a3') in 0.025084 seconds 
  Import took 0.029440 seconds .

========================================================================
Received Import Request.
  Time since last request: 0.000377 seconds.
  path: Assets/2D Assets/Pantalla_Cempasúchil_Final.png
  artifactKey: Guid(10fc1c77798c64549b1f8c36f73ac3be) Importer(815301076,1909f56bfc062723c751e8b465ee728b)
Start importing Assets/2D Assets/Pantalla_Cempasúchil_Final.png using Guid(10fc1c77798c64549b1f8c36f73ac3be) Importer(815301076,1909f56bfc062723c751e8b465ee728b)  -> (artifact id: '73c7ffa2db64b5c0bde81bd8dac7d4a1') in 0.022987 seconds 
  Import took 0.029030 seconds .

========================================================================
Received Import Request.
  Time since last request: 0.000400 seconds.
  path: Assets/2D Assets/Iconos_.png
  artifactKey: Guid(715ad2e206976f542a8cbb461eeea59e) Importer(815301076,1909f56bfc062723c751e8b465ee728b)
Start importing Assets/2D Assets/Iconos_.png using Guid(715ad2e206976f542a8cbb461eeea59e) Importer(815301076,1909f56bfc062723c751e8b465ee728b)  -> (artifact id: 'dee5498f0025cb32f9f0015708d4aef5') in 0.021663 seconds 
  Import took 0.025363 seconds .

========================================================================
Received Import Request.
  Time since last request: 0.000314 seconds.
  path: Assets/2D Assets/InformaciónPrisioneros_Final.png
  artifactKey: Guid(66a3b203900622a4eb03fc738afa4786) Importer(815301076,1909f56bfc062723c751e8b465ee728b)
Start importing Assets/2D Assets/InformaciónPrisioneros_Final.png using Guid(66a3b203900622a4eb03fc738afa4786) Importer(815301076,1909f56bfc062723c751e8b465ee728b)  -> (artifact id: 'fc8b2cc4a78790a1a269f718270a628a') in 0.023654 seconds 
  Import took 0.027325 seconds .

========================================================================
Received Import Request.
  Time since last request: 0.000365 seconds.
  path: Assets/2D Assets/Icono_Final.png
  artifactKey: Guid(25189a9c9d868d245b712daa0e40e9bb) Importer(815301076,1909f56bfc062723c751e8b465ee728b)
Start importing Assets/2D Assets/Icono_Final.png using Guid(25189a9c9d868d245b712daa0e40e9bb) Importer(815301076,1909f56bfc062723c751e8b465ee728b)  -> (artifact id: '33096ee00468ce60f595791a0569688a') in 0.022814 seconds 
  Import took 0.026833 seconds .

========================================================================
Received Import Request.
  Time since last request: 0.000366 seconds.
  path: Assets/2D Assets/InformaciónFlor_Final.png
  artifactKey: Guid(c5469be53521ec44f8dcf4ddda130655) Importer(815301076,1909f56bfc062723c751e8b465ee728b)
Start importing Assets/2D Assets/InformaciónFlor_Final.png using Guid(c5469be53521ec44f8dcf4ddda130655) Importer(815301076,1909f56bfc062723c751e8b465ee728b)  -> (artifact id: 'a96a5b883c7742509863df2b06822c37') in 0.022307 seconds 
  Import took 0.026458 seconds .

========================================================================
Received Import Request.
  Time since last request: 0.000405 seconds.
  path: Assets/2D Assets/Compras_Final.png
  artifactKey: Guid(66b8306bc7cfc96409d01b812651648f) Importer(815301076,1909f56bfc062723c751e8b465ee728b)
Start importing Assets/2D Assets/Compras_Final.png using Guid(66b8306bc7cfc96409d01b812651648f) Importer(815301076,1909f56bfc062723c751e8b465ee728b)  -> (artifact id: '300c866957a81bf4bdaceb74382a62dd') in 0.020468 seconds 
  Import took 0.024254 seconds .

========================================================================
Received Import Request.
  Time since last request: 0.000358 seconds.
  path: Assets/2D Assets/Home_Final.png
  artifactKey: Guid(e026f04c7329b02438f1c7744456c8ac) Importer(815301076,1909f56bfc062723c751e8b465ee728b)
Start importing Assets/2D Assets/Home_Final.png using Guid(e026f04c7329b02438f1c7744456c8ac) Importer(815301076,1909f56bfc062723c751e8b465ee728b)  -> (artifact id: 'a0d3c856deac5123a95ef8d7229917fc') in 0.023915 seconds 
  Import took 0.027465 seconds .

========================================================================
Received Import Request.
  Time since last request: 0.000342 seconds.
  path: Assets/2D Assets/Créditos_Final.png
  artifactKey: Guid(82bd0d37eeb9e774891ddf9c977226c6) Importer(815301076,1909f56bfc062723c751e8b465ee728b)
Start importing Assets/2D Assets/Créditos_Final.png using Guid(82bd0d37eeb9e774891ddf9c977226c6) Importer(815301076,1909f56bfc062723c751e8b465ee728b)  -> (artifact id: '04f0a540f5fd5106aa1ed092769b915b') in 0.021678 seconds 
  Import took 0.025372 seconds .

========================================================================
Received Import Request.
  Time since last request: 0.000331 seconds.
  path: Assets/2D Assets/Play_Final.png
  artifactKey: Guid(39bc2f3683979db40b99135ed827484d) Importer(815301076,1909f56bfc062723c751e8b465ee728b)
Start importing Assets/2D Assets/Play_Final.png using Guid(39bc2f3683979db40b99135ed827484d) Importer(815301076,1909f56bfc062723c751e8b465ee728b)  -> (artifact id: '26c88212daf644683d91be0ed1f9d400') in 0.022429 seconds 
  Import took 0.026664 seconds .

========================================================================
Received Import Request.
  Time since last request: 0.000408 seconds.
  path: Assets/2D Assets/IconoEstrellas_Final.png
  artifactKey: Guid(1ba593a43af851f4a925022bea621b5d) Importer(815301076,1909f56bfc062723c751e8b465ee728b)
Start importing Assets/2D Assets/IconoEstrellas_Final.png using Guid(1ba593a43af851f4a925022bea621b5d) Importer(815301076,1909f56bfc062723c751e8b465ee728b)  -> (artifact id: '0005edfad4a8acb2d0fddeae2deaefb0') in 0.022414 seconds 
  Import took 0.027064 seconds .

========================================================================
Received Import Request.
  Time since last request: 0.000321 seconds.
  path: Assets/2D Assets
  artifactKey: Guid(da90afa76e0829d4a98b76f0bea218ce) Importer(815301076,1909f56bfc062723c751e8b465ee728b)
Start importing Assets/2D Assets using Guid(da90afa76e0829d4a98b76f0bea218ce) Importer(815301076,1909f56bfc062723c751e8b465ee728b)  -> (artifact id: 'fbe4f13d2aa6fe7bc7f10704702a7b4d') in 0.004001 seconds 
  Import took 0.007540 seconds .

========================================================================
Received Import Request.
  Time since last request: 0.000303 seconds.
  path: Assets/2D Assets/Guardado_Final.png
  artifactKey: Guid(ea511ee60221c02438fbfa1a6d902429) Importer(815301076,1909f56bfc062723c751e8b465ee728b)
Start importing Assets/2D Assets/Guardado_Final.png using Guid(ea511ee60221c02438fbfa1a6d902429) Importer(815301076,1909f56bfc062723c751e8b465ee728b)  -> (artifact id: '13755c5d217959c8a6987948525ae430') in 0.044515 seconds 
  Import took 0.048340 seconds .

========================================================================
Received Import Request.
  Time since last request: 0.000338 seconds.
  path: Assets/2D Assets/IconoFlor_Final.png
  artifactKey: Guid(563a0b5db16e3914a8c34e6a79d892c0) Importer(815301076,1909f56bfc062723c751e8b465ee728b)
Start importing Assets/2D Assets/IconoFlor_Final.png using Guid(563a0b5db16e3914a8c34e6a79d892c0) Importer(815301076,1909f56bfc062723c751e8b465ee728b)  -> (artifact id: 'de89b87538930c42ef344a79992472c4') in 0.026711 seconds 
  Import took 0.030565 seconds .

========================================================================
Received Import Request.
  Time since last request: 0.000380 seconds.
  path: Assets/2D Assets/Regresar_Final.png
  artifactKey: Guid(2fee88e5ba1fc664ca74b280c0275b34) Importer(815301076,1909f56bfc062723c751e8b465ee728b)
Start importing Assets/2D Assets/Regresar_Final.png using Guid(2fee88e5ba1fc664ca74b280c0275b34) Importer(815301076,1909f56bfc062723c751e8b465ee728b)  -> (artifact id: '713994694ff482646ae5d8083357b0f8') in 0.022650 seconds 
  Import took 0.026839 seconds .

========================================================================
Received Import Request.
  Time since last request: 3.907607 seconds.
  path: Assets/Scenes
  artifactKey: Guid(fb80dab35429ec545b8d57ae350a9e26) Importer(815301076,1909f56bfc062723c751e8b465ee728b)
Start importing Assets/Scenes using Guid(fb80dab35429ec545b8d57ae350a9e26) Importer(815301076,1909f56bfc062723c751e8b465ee728b)  -> (artifact id: 'b8d1a57e3054501bf06f1007b71a4a2f') in 0.013382 seconds 
  Import took 0.024494 seconds .

========================================================================
Received Import Request.
  Time since last request: 1.503258 seconds.
  path: Assets/Scenes/Credits.unity
  artifactKey: Guid(6ae9f11b7ff75e84d9aaeb4a75c65599) Importer(815301076,1909f56bfc062723c751e8b465ee728b)
Start importing Assets/Scenes/Credits.unity using Guid(6ae9f11b7ff75e84d9aaeb4a75c65599) Importer(815301076,1909f56bfc062723c751e8b465ee728b)  -> (artifact id: '7791c4ef7866b5358d6cbe9c6a147d43') in 0.004618 seconds 
  Import took 0.008429 seconds .

========================================================================
Received Import Request.
  Time since last request: 1.570941 seconds.
  path: Assets/Scenes/Game.unity
  artifactKey: Guid(85db56974ac5647479bdcb534698ba9f) Importer(815301076,1909f56bfc062723c751e8b465ee728b)
Start importing Assets/Scenes/Game.unity using Guid(85db56974ac5647479bdcb534698ba9f) Importer(815301076,1909f56bfc062723c751e8b465ee728b)  -> (artifact id: '9204a44c9c53f3b6dda7301930c28a62') in 0.004712 seconds 
  Import took 0.009164 seconds .

========================================================================
Received Prepare
Registering precompiled user dll's ...
Registered in 0.013896 seconds.
Begin MonoManager ReloadAssembly
Native extension for WindowsStandalone target not found
Refreshing native plugins compatible for Editor in 0.62 ms, found 5 plugins.
Preloading 0 native plugins for Editor in 0.00 ms.
Mono: successfully reloaded assembly
- Completed reload, in  1.545 seconds
Domain Reload Profiling:
	ReloadAssembly (1545ms)
		BeginReloadAssembly (162ms)
			ExecutionOrderSort (0ms)
			DisableScriptedObjects (6ms)
			BackupInstance (0ms)
			ReleaseScriptingObjects (0ms)
			CreateAndSetChildDomain (45ms)
		EndReloadAssembly (1290ms)
			LoadAssemblies (137ms)
			RebuildTransferFunctionScriptingTraits (0ms)
			SetupTypeCache (507ms)
			ReleaseScriptCaches (1ms)
			RebuildScriptCaches (68ms)
			SetupLoadedEditorAssemblies (433ms)
				LogAssemblyErrors (0ms)
				InitializePlatformSupportModulesInManaged (9ms)
				SetLoadedEditorAssemblies (1ms)
				RefreshPlugins (1ms)
				BeforeProcessingInitializeOnLoad (79ms)
				ProcessInitializeOnLoadAttributes (321ms)
				ProcessInitializeOnLoadMethodAttributes (12ms)
				AfterProcessingInitializeOnLoad (10ms)
				EditorAssembliesLoaded (0ms)
			ExecutionOrderSort2 (0ms)
			AwakeInstancesAfterBackupRestoration (11ms)
Platform modules already initialized, skipping
Refreshing native plugins compatible for Editor in 0.79 ms, found 5 plugins.
Preloading 0 native plugins for Editor in 0.00 ms.
Unloading 1788 Unused Serialized files (Serialized files now loaded: 0)
System memory in use before: 81.0 MB.
System memory in use after: 81.1 MB.

Unloading 23 unused Assets to reduce memory usage. Loaded Objects now: 2261.
Total: 4.424800 ms (FindLiveObjects: 0.219000 ms CreateObjectMapping: 0.082300 ms MarkObjects: 4.044800 ms  DeleteObjects: 0.076800 ms)

AssetImportParameters requested are different than current active one (requested -> active):
  custom:framework-win-MediaFoundation: 216162199b28c13a410421893ffa2e32 -> 
  custom:video-decoder-ogg-theora: a1e56fd34408186e4bbccfd4996cb3dc -> 
  custom:container-muxer-webm: aa71ff27fc2769a1b78a27578f13a17b -> 
  custom:container-demuxer-webm: 4f35f7cbe854078d1ac9338744f61a02 -> 
  custom:container-demuxer-ogg: 62fdf1f143b41e24485cea50d1cbac27 -> 
  custom:video-encoder-webm-vp8: eb34c28f22e8b96e1ab97ce403110664 -> 
  custom:video-codec-MediaFoundation-h265: 746d11721c4dcdbdad8f713fa42b33f4 -> 
  custom:video-decoder-webm-vp8: 9c59270c3fd7afecdb556c50c9e8de78 -> 
  custom:audio-decoder-ogg-vorbis: bf7c407c2cedff20999df2af8eb42d56 -> 
  custom:audio-encoder-webm-vorbis: bf7c407c2cedff20999df2af8eb42d56 -> 
